Reading netlist file: "/run/host/var/home/felix/Documents/Projects/fpga-start/Sipeed-Tang-Nano-9K/03_led_matrix/impl/gwsynthesis/03_led_matrix.vg"
Parsing netlist file "/run/host/var/home/felix/Documents/Projects/fpga-start/Sipeed-Tang-Nano-9K/03_led_matrix/impl/gwsynthesis/03_led_matrix.vg" completed
Processing netlist completed
Reading constraint file: "/run/host/var/home/felix/Documents/Projects/fpga-start/Sipeed-Tang-Nano-9K/03_led_matrix/src/03_led_matrix.cst"
Physical Constraint parsed completed
Running placement......
[10%] Placement Phase 0 completed
[20%] Placement Phase 1 completed
[30%] Placement Phase 2 completed
WARN  (TA1132) :  'clk_27MHz' was determined to be a clock but was not created.
WARN  (TA1132) :  'clk_d' was determined to be a clock but was not created.
[50%] Placement Phase 3 completed
Running routing......
[60%] Routing Phase 0 completed
[70%] Routing Phase 1 completed
[80%] Routing Phase 2 completed
[90%] Routing Phase 3 completed
Running timing analysis......
[95%] Timing analysis completed
Placement and routing completed
Bitstream generation in progress......
Bitstream generation completed
Running power analysis......
[100%] Power analysis completed
Generate file "/run/host/var/home/felix/Documents/Projects/fpga-start/Sipeed-Tang-Nano-9K/03_led_matrix/impl/pnr/03_led_matrix.power.html" completed
Generate file "/run/host/var/home/felix/Documents/Projects/fpga-start/Sipeed-Tang-Nano-9K/03_led_matrix/impl/pnr/03_led_matrix.pin.html" completed
Generate file "/run/host/var/home/felix/Documents/Projects/fpga-start/Sipeed-Tang-Nano-9K/03_led_matrix/impl/pnr/03_led_matrix.rpt.html" completed
Generate file "/run/host/var/home/felix/Documents/Projects/fpga-start/Sipeed-Tang-Nano-9K/03_led_matrix/impl/pnr/03_led_matrix.rpt.txt" completed
Generate file "/run/host/var/home/felix/Documents/Projects/fpga-start/Sipeed-Tang-Nano-9K/03_led_matrix/impl/pnr/03_led_matrix.tr.html" completed
Wed Jan 14 00:25:01 2026

