GowinSynthesis start
Running parser ...
Analyzing Verilog file '/run/host/var/home/felix/Documents/Projects/fpga-start/Sipeed-Tang-Nano-9K/03_led_matrix/src/main.v'
Compiling module 'LED_Matrix'("/run/host/var/home/felix/Documents/Projects/fpga-start/Sipeed-Tang-Nano-9K/03_led_matrix/src/main.v":1)
WARN  (EX3791) : Expression size 9 truncated to fit in target size 8("/run/host/var/home/felix/Documents/Projects/fpga-start/Sipeed-Tang-Nano-9K/03_led_matrix/src/main.v":15)
WARN  (EX3791) : Expression size 10 truncated to fit in target size 9("/run/host/var/home/felix/Documents/Projects/fpga-start/Sipeed-Tang-Nano-9K/03_led_matrix/src/main.v":26)
NOTE  (EX0101) : Current top module is "LED_Matrix"
[5%] Running netlist conversion ...
Running device independent optimization ...
[10%] Optimizing Phase 0 completed
[15%] Optimizing Phase 1 completed
[25%] Optimizing Phase 2 completed
Running inference ...
[30%] Inferring Phase 0 completed
[40%] Inferring Phase 1 completed
[50%] Inferring Phase 2 completed
[55%] Inferring Phase 3 completed
Running technical mapping ...
[60%] Tech-Mapping Phase 0 completed
[65%] Tech-Mapping Phase 1 completed
[75%] Tech-Mapping Phase 2 completed
[80%] Tech-Mapping Phase 3 completed
[90%] Tech-Mapping Phase 4 completed
[95%] Generate netlist file "/run/host/var/home/felix/Documents/Projects/fpga-start/Sipeed-Tang-Nano-9K/03_led_matrix/impl/gwsynthesis/03_led_matrix.vg" completed
[100%] Generate report file "/run/host/var/home/felix/Documents/Projects/fpga-start/Sipeed-Tang-Nano-9K/03_led_matrix/impl/gwsynthesis/03_led_matrix_syn.rpt.html" completed
GowinSynthesis finish
