Reading netlist file: "/run/host/var/home/felix/Documents/Projects/fpga-start/Sipeed-Tang-Primer-20K/DigiKey-FPGA-Tutorial/04-01_button_counter/impl/gwsynthesis/04-01_button_counter.vg"
Parsing netlist file "/run/host/var/home/felix/Documents/Projects/fpga-start/Sipeed-Tang-Primer-20K/DigiKey-FPGA-Tutorial/04-01_button_counter/impl/gwsynthesis/04-01_button_counter.vg" completed
Processing netlist completed
Reading constraint file: "/run/host/var/home/felix/Documents/Projects/fpga-start/Sipeed-Tang-Primer-20K/DigiKey-FPGA-Tutorial/04-01_button_counter/src/04-01_button_counter.cst"
Physical Constraint parsed completed
Running placement......
[10%] Placement Phase 0 completed
[20%] Placement Phase 1 completed
[30%] Placement Phase 2 completed
WARN  (TA1132) :  'pmod[1]' was determined to be a clock but was not created.
[50%] Placement Phase 3 completed
Running routing......
[60%] Routing Phase 0 completed
[70%] Routing Phase 1 completed
[80%] Routing Phase 2 completed
WARN  (PR1014) : Generic routing resource will be used to clock signal 'pmod_d[1]' by the specified constraint. And then it may lead to the excessive delay or skew
[90%] Routing Phase 3 completed
Running timing analysis......
[95%] Timing analysis completed
Placement and routing completed
Bitstream generation in progress......
Bitstream generation completed
Running power analysis......
[100%] Power analysis completed
Generate file "/run/host/var/home/felix/Documents/Projects/fpga-start/Sipeed-Tang-Primer-20K/DigiKey-FPGA-Tutorial/04-01_button_counter/impl/pnr/04-01_button_counter.power.html" completed
Generate file "/run/host/var/home/felix/Documents/Projects/fpga-start/Sipeed-Tang-Primer-20K/DigiKey-FPGA-Tutorial/04-01_button_counter/impl/pnr/04-01_button_counter.pin.html" completed
Generate file "/run/host/var/home/felix/Documents/Projects/fpga-start/Sipeed-Tang-Primer-20K/DigiKey-FPGA-Tutorial/04-01_button_counter/impl/pnr/04-01_button_counter.rpt.html" completed
Generate file "/run/host/var/home/felix/Documents/Projects/fpga-start/Sipeed-Tang-Primer-20K/DigiKey-FPGA-Tutorial/04-01_button_counter/impl/pnr/04-01_button_counter.rpt.txt" completed
Generate file "/run/host/var/home/felix/Documents/Projects/fpga-start/Sipeed-Tang-Primer-20K/DigiKey-FPGA-Tutorial/04-01_button_counter/impl/pnr/04-01_button_counter.tr.html" completed
Fri Jan 16 13:59:53 2026

