GowinSynthesis start
Running parser ...
Analyzing Verilog file '/run/host/var/home/felix/Documents/Projects/fpga-start/Sipeed-Tang-Primer-20K/DigiKey-FPGA-Tutorial/05-02_fsm_mealy/src/fsm_mealy.v'
Compiling module 'fsm_mealy'("/run/host/var/home/felix/Documents/Projects/fpga-start/Sipeed-Tang-Primer-20K/DigiKey-FPGA-Tutorial/05-02_fsm_mealy/src/fsm_mealy.v":4)
WARN  (EX3791) : Expression size 5 truncated to fit in target size 4("/run/host/var/home/felix/Documents/Projects/fpga-start/Sipeed-Tang-Primer-20K/DigiKey-FPGA-Tutorial/05-02_fsm_mealy/src/fsm_mealy.v":84)
NOTE  (EX0101) : Current top module is "fsm_mealy"
[5%] Running netlist conversion ...
Running device independent optimization ...
[10%] Optimizing Phase 0 completed
[15%] Optimizing Phase 1 completed
[25%] Optimizing Phase 2 completed
Running inference ...
[30%] Inferring Phase 0 completed
[40%] Inferring Phase 1 completed
[50%] Inferring Phase 2 completed
[55%] Inferring Phase 3 completed
Running technical mapping ...
[60%] Tech-Mapping Phase 0 completed
[65%] Tech-Mapping Phase 1 completed
[75%] Tech-Mapping Phase 2 completed
[80%] Tech-Mapping Phase 3 completed
[90%] Tech-Mapping Phase 4 completed
[95%] Generate netlist file "/run/host/var/home/felix/Documents/Projects/fpga-start/Sipeed-Tang-Primer-20K/DigiKey-FPGA-Tutorial/05-02_fsm_mealy/impl/gwsynthesis/05-02_fsm_mealy.vg" completed
[100%] Generate report file "/run/host/var/home/felix/Documents/Projects/fpga-start/Sipeed-Tang-Primer-20K/DigiKey-FPGA-Tutorial/05-02_fsm_mealy/impl/gwsynthesis/05-02_fsm_mealy_syn.rpt.html" completed
GowinSynthesis finish
