GowinSynthesis start
Running parser ...
Analyzing Verilog file '/run/host/var/home/felix/Documents/Projects/fpga-start/Sipeed-Tang-Nano-9K/02_pdm_audio/src/main.v'
Analyzing Verilog file '/run/host/var/home/felix/Documents/Projects/fpga-start/Sipeed-Tang-Nano-9K/02_pdm_audio/src/gowin_rpll/gowin_rpll.v'
Compiling module 'Audio_Top'("/run/host/var/home/felix/Documents/Projects/fpga-start/Sipeed-Tang-Nano-9K/02_pdm_audio/src/main.v":1)
Extracting RAM for identifier 'sine_rom'("/run/host/var/home/felix/Documents/Projects/fpga-start/Sipeed-Tang-Nano-9K/02_pdm_audio/src/main.v":36)
Compiling module 'Gowin_rPLL'("/run/host/var/home/felix/Documents/Projects/fpga-start/Sipeed-Tang-Nano-9K/02_pdm_audio/src/gowin_rpll/gowin_rpll.v":10)
WARN  (EX3791) : Expression size 4 truncated to fit in target size 3("/run/host/var/home/felix/Documents/Projects/fpga-start/Sipeed-Tang-Nano-9K/02_pdm_audio/src/main.v":29)
WARN  (EX3791) : Expression size 25 truncated to fit in target size 24("/run/host/var/home/felix/Documents/Projects/fpga-start/Sipeed-Tang-Nano-9K/02_pdm_audio/src/main.v":98)
WARN  (EX3791) : Expression size 9 truncated to fit in target size 8("/run/host/var/home/felix/Documents/Projects/fpga-start/Sipeed-Tang-Nano-9K/02_pdm_audio/src/main.v":108)
NOTE  (EX0101) : Current top module is "Audio_Top"
[5%] Running netlist conversion ...
WARN  (CV0016) : Input s1 is unused("/run/host/var/home/felix/Documents/Projects/fpga-start/Sipeed-Tang-Nano-9K/02_pdm_audio/src/main.v":3)
WARN  (CV0016) : Input s2 is unused("/run/host/var/home/felix/Documents/Projects/fpga-start/Sipeed-Tang-Nano-9K/02_pdm_audio/src/main.v":3)
Running device independent optimization ...
[10%] Optimizing Phase 0 completed
[15%] Optimizing Phase 1 completed
[25%] Optimizing Phase 2 completed
Running inference ...
[30%] Inferring Phase 0 completed
[40%] Inferring Phase 1 completed
[50%] Inferring Phase 2 completed
[55%] Inferring Phase 3 completed
Running technical mapping ...
[60%] Tech-Mapping Phase 0 completed
[65%] Tech-Mapping Phase 1 completed
[75%] Tech-Mapping Phase 2 completed
[80%] Tech-Mapping Phase 3 completed
[90%] Tech-Mapping Phase 4 completed
[95%] Generate netlist file "/run/host/var/home/felix/Documents/Projects/fpga-start/Sipeed-Tang-Nano-9K/02_pdm_audio/impl/gwsynthesis/02_pdm_audio.vg" completed
[100%] Generate report file "/run/host/var/home/felix/Documents/Projects/fpga-start/Sipeed-Tang-Nano-9K/02_pdm_audio/impl/gwsynthesis/02_pdm_audio_syn.rpt.html" completed
GowinSynthesis finish
