Reading netlist file: "/run/host/var/home/felix/Documents/Projects/fpga-start/Sipeed-Tang-Primer-20K/DigiKey-FPGA-Tutorial/05-02_fsm_mealy/impl/gwsynthesis/05-02_fsm_mealy.vg"
Parsing netlist file "/run/host/var/home/felix/Documents/Projects/fpga-start/Sipeed-Tang-Primer-20K/DigiKey-FPGA-Tutorial/05-02_fsm_mealy/impl/gwsynthesis/05-02_fsm_mealy.vg" completed
Processing netlist completed
Reading constraint file: "/run/host/var/home/felix/Documents/Projects/fpga-start/Sipeed-Tang-Primer-20K/DigiKey-FPGA-Tutorial/05-02_fsm_mealy/src/05-02_fsm_mealy.cst"
Physical Constraint parsed completed
Running placement......
[10%] Placement Phase 0 completed
[20%] Placement Phase 1 completed
[30%] Placement Phase 2 completed
WARN  (TA1132) :  'div_clk' was determined to be a clock but was not created.
[50%] Placement Phase 3 completed
Running routing......
[60%] Routing Phase 0 completed
[70%] Routing Phase 1 completed
[80%] Routing Phase 2 completed
[90%] Routing Phase 3 completed
Running timing analysis......
[95%] Timing analysis completed
Placement and routing completed
Bitstream generation in progress......
Bitstream generation completed
Running power analysis......
[100%] Power analysis completed
Generate file "/run/host/var/home/felix/Documents/Projects/fpga-start/Sipeed-Tang-Primer-20K/DigiKey-FPGA-Tutorial/05-02_fsm_mealy/impl/pnr/05-02_fsm_mealy.power.html" completed
Generate file "/run/host/var/home/felix/Documents/Projects/fpga-start/Sipeed-Tang-Primer-20K/DigiKey-FPGA-Tutorial/05-02_fsm_mealy/impl/pnr/05-02_fsm_mealy.pin.html" completed
Generate file "/run/host/var/home/felix/Documents/Projects/fpga-start/Sipeed-Tang-Primer-20K/DigiKey-FPGA-Tutorial/05-02_fsm_mealy/impl/pnr/05-02_fsm_mealy.rpt.html" completed
Generate file "/run/host/var/home/felix/Documents/Projects/fpga-start/Sipeed-Tang-Primer-20K/DigiKey-FPGA-Tutorial/05-02_fsm_mealy/impl/pnr/05-02_fsm_mealy.rpt.txt" completed
Generate file "/run/host/var/home/felix/Documents/Projects/fpga-start/Sipeed-Tang-Primer-20K/DigiKey-FPGA-Tutorial/05-02_fsm_mealy/impl/pnr/05-02_fsm_mealy.tr.html" completed
Fri Jan 16 15:28:10 2026

